[2024-02-15 19:35:53] simple-send.INFO: Plugin initialized [] []
[2024-02-15 19:35:54] simple-send.INFO: Plugin initialized [] []
[2024-02-15 19:36:05] simple-send.INFO: Plugin initialized [] []
[2024-02-15 19:37:18] simple-send.INFO: Plugin initialized [] []
[2024-02-15 19:37:23] simple-send.INFO: Plugin initialized [] []
[2024-02-15 19:37:33] simple-send.INFO: Plugin initialized [] []
[2024-02-15 19:38:43] simple-send.INFO: Plugin initialized [] []
[2024-02-15 19:38:45] simple-send.INFO: Plugin initialized [] []
[2024-02-15 19:38:46] simple-send.INFO: Plugin initialized [] []
[2024-02-15 19:38:50] simple-send.INFO: Plugin initialized [] []
[2024-02-15 19:48:53] simple-send.INFO: Plugin initialized [] []
[2024-02-15 20:08:53] simple-send.INFO: Plugin initialized [] []
[2024-02-15 20:28:53] simple-send.INFO: Plugin initialized [] []
[2024-02-15 20:48:53] simple-send.INFO: Plugin initialized [] []
[2024-02-15 21:08:53] simple-send.INFO: Plugin initialized [] []
[2024-02-15 21:28:53] simple-send.INFO: Plugin initialized [] []
[2024-02-15 21:48:53] simple-send.INFO: Plugin initialized [] []
[2024-02-15 21:54:30] simple-send.INFO: Plugin initialized [] []
[2024-02-15 21:54:30] simple-send.INFO: Recipient Email: matalacek49fuf@gmail.com [] []
[2024-02-15 21:54:34] simple-send.INFO: Plugin initialized [] []
[2024-02-15 21:54:34] simple-send.INFO: Recipient Email: matalacek49fuf@gmail.com [] []
[2024-02-15 21:54:50] simple-send.INFO: Plugin initialized [] []
[2024-02-15 21:54:50] simple-send.INFO: Recipient Email: matalacek49fuf@gmail.com [] []
[2024-02-15 21:54:54] simple-send.INFO: Plugin initialized [] []
[2024-02-15 21:54:54] simple-send.INFO: Recipient Email: matalacek49fuf@gmail.com [] []
[2024-02-15 21:54:56] simple-send.INFO: Plugin initialized [] []
[2024-02-15 21:54:56] simple-send.INFO: Recipient Email: matalacek49fuf@gmail.com [] []
[2024-02-15 21:57:02] simple-send.INFO: Plugin initialized [] []
[2024-02-15 21:57:14] simple-send.INFO: Plugin initialized [] []
[2024-02-15 22:02:14] simple-send.INFO: Plugin initialized [] []
[2024-02-15 22:02:19] simple-send.INFO: Plugin initialized [] []
[2024-02-15 22:02:30] simple-send.INFO: Plugin initialized [] []
[2024-02-15 22:07:36] simple-send.INFO: Plugin initialized [] []
[2024-02-15 22:07:37] simple-send.INFO: Plugin initialized [] []
[2024-02-15 22:07:38] simple-send.INFO: Plugin initialized [] []
[2024-02-15 22:07:38] simple-send.INFO: Plugin initialized [] []
[2024-02-15 22:07:38] simple-send.INFO: Plugin initialized [] []
[2024-02-15 22:07:39] simple-send.INFO: Plugin initialized [] []
[2024-02-15 22:07:39] simple-send.INFO: Plugin initialized [] []
[2024-02-15 22:07:39] simple-send.INFO: Plugin initialized [] []
[2024-02-15 22:07:40] simple-send.INFO: Plugin initialized [] []
[2024-02-15 22:07:45] simple-send.INFO: Plugin initialized [] []
[2024-02-15 22:08:43] simple-send.INFO: Plugin initialized [] []
[2024-02-15 22:08:50] simple-send.INFO: Plugin initialized [] []
[2024-02-15 22:08:53] simple-send.INFO: Plugin initialized [] []
[2024-02-15 22:09:14] simple-send.INFO: Plugin initialized [] []
[2024-02-15 22:13:20] simple-send.INFO: Plugin initialized [] []
[2024-02-15 22:13:23] simple-send.INFO: Plugin initialized [] []
[2024-02-15 22:13:26] simple-send.INFO: Plugin initialized [] []
[2024-02-15 22:13:33] simple-send.INFO: Plugin initialized [] []
[2024-02-15 22:13:34] simple-send.INFO: Plugin initialized [] []
[2024-02-15 22:13:34] simple-send.INFO: Plugin initialized [] []
[2024-02-15 22:13:34] simple-send.INFO: Plugin initialized [] []
[2024-02-15 22:13:36] simple-send.INFO: Plugin initialized [] []
[2024-02-15 22:18:02] simple-send.INFO: Plugin initialized [] []
[2024-02-15 22:18:04] simple-send.INFO: Plugin initialized [] []
[2024-02-15 22:18:13] simple-send.INFO: Plugin initialized [] []
[2024-02-15 22:19:26] simple-send.INFO: Plugin initialized [] []
[2024-02-15 22:19:32] simple-send.INFO: Plugin initialized [] []
[2024-02-15 22:19:35] simple-send.INFO: Plugin initialized [] []
[2024-02-15 22:33:35] simple-send.INFO: Plugin initialized [] []
[2024-02-16 16:18:17] simple-send.INFO: Plugin initialized [] []
[2024-02-16 16:18:17] simple-send.INFO: Plugin initialized [] []
[2024-02-16 16:18:18] simple-send.INFO: Plugin initialized [] []
[2024-02-16 16:18:18] simple-send.INFO: Plugin initialized [] []
[2024-02-16 16:18:18] simple-send.INFO: Plugin initialized [] []
[2024-02-16 16:18:18] simple-send.INFO: Plugin initialized [] []
[2024-02-16 16:18:18] simple-send.INFO: Plugin initialized [] []
[2024-02-16 16:18:19] simple-send.INFO: Plugin initialized [] []
[2024-02-16 16:18:19] simple-send.INFO: Plugin initialized [] []
[2024-02-16 16:18:19] simple-send.INFO: Plugin initialized [] []
[2024-02-16 16:18:19] simple-send.INFO: Plugin initialized [] []
[2024-02-16 16:18:21] simple-send.INFO: Plugin initialized [] []
[2024-02-16 16:18:37] simple-send.INFO: Plugin initialized [] []
[2024-02-16 16:20:40] simple-send.INFO: Plugin initialized [] []
[2024-02-16 18:41:58] simple-send.INFO: Plugin initialized [] []
[2024-02-16 18:42:02] simple-send.INFO: Plugin initialized [] []
[2024-02-16 19:06:41] simple-send.INFO: Plugin initialized [] []
[2024-02-16 19:06:44] simple-send.INFO: Plugin initialized [] []
[2024-02-16 19:07:19] simple-send.INFO: Plugin initialized [] []
[2024-02-16 19:07:20] simple-send.INFO: Plugin initialized [] []
[2024-02-16 19:07:23] simple-send.INFO: Plugin initialized [] []
[2024-02-16 19:07:31] simple-send.INFO: Plugin initialized [] []
[2024-02-16 19:07:31] simple-send.INFO: Form data gathered [] []
[2024-02-16 19:07:31] simple-send.INFO: Sender Name: Matěj Hrabal [] []
[2024-02-16 19:07:31] simple-send.INFO: Sender Email: matej.hrabal1@gmail.com [] []
[2024-02-16 19:07:31] simple-send.INFO: Message: asdfasdfasdf [] []
[2024-02-16 19:07:31] simple-send.INFO: Recipient Email: matalacek49fuf@gmail.com [] []
[2024-02-16 19:08:56] simple-send.INFO: Plugin initialized [] []
[2024-02-16 19:09:03] simple-send.INFO: Plugin initialized [] []
[2024-02-16 19:10:19] simple-send.INFO: Plugin initialized [] []
[2024-02-16 19:10:27] simple-send.INFO: Plugin initialized [] []
[2024-02-16 19:10:28] simple-send.INFO: Plugin initialized [] []
[2024-02-16 19:10:31] simple-send.INFO: Plugin initialized [] []
[2024-02-16 19:10:31] simple-send.INFO: Plugin initialized [] []
[2024-02-16 19:10:32] simple-send.INFO: Plugin initialized [] []
[2024-02-16 19:11:13] simple-send.INFO: Plugin initialized [] []
[2024-02-16 19:11:14] simple-send.INFO: Plugin initialized [] []
[2024-02-16 19:11:14] simple-send.INFO: Plugin initialized [] []
[2024-02-16 19:11:17] simple-send.INFO: Plugin initialized [] []
[2024-02-16 19:11:17] simple-send.INFO: Plugin initialized [] []
[2024-02-16 19:11:18] simple-send.INFO: Plugin initialized [] []
[2024-02-16 19:11:18] simple-send.INFO: Plugin initialized [] []
[2024-02-16 19:11:21] simple-send.INFO: Plugin initialized [] []
[2024-02-16 19:11:22] simple-send.INFO: Plugin initialized [] []
[2024-02-16 19:11:22] simple-send.INFO: Plugin initialized [] []
[2024-02-16 19:11:28] simple-send.INFO: Plugin initialized [] []
[2024-02-16 19:11:29] simple-send.INFO: Plugin initialized [] []
[2024-02-16 19:11:29] simple-send.INFO: Plugin initialized [] []
[2024-02-16 19:11:29] simple-send.INFO: Plugin initialized [] []
[2024-02-16 19:33:23] simple-send.INFO: Plugin initialized [] []
[2024-02-16 19:33:25] simple-send.INFO: Plugin initialized [] []
[2024-02-16 19:33:27] simple-send.INFO: Plugin initialized [] []
[2024-02-16 19:33:35] simple-send.INFO: Plugin initialized [] []
[2024-02-16 19:33:35] simple-send.INFO: Form data gathered [] []
[2024-02-16 19:33:35] simple-send.INFO: Sender Name: Matěj Hrabal [] []
[2024-02-16 19:33:35] simple-send.INFO: Sender Email: matalacek49fuf@gmail.com [] []
[2024-02-16 19:33:35] simple-send.INFO: Message: ysdfasdf [] []
[2024-02-16 19:33:35] simple-send.INFO: Recipient Email: matalacek49fuf@gmail.com [] []
[2024-02-16 19:34:49] simple-send.INFO: Plugin initialized [] []
[2024-02-16 22:17:27] simple-send.INFO: Plugin initialized [] []
[2024-02-16 22:26:30] simple-send.INFO: Plugin initialized [] []
[2024-02-20 14:49:45] simple-send.INFO: Plugin initialized [] []
[2024-02-20 14:49:59] simple-send.INFO: Plugin initialized [] []
[2024-02-20 14:49:59] simple-send.INFO: Plugin initialized [] []
[2024-02-20 14:50:04] simple-send.INFO: Plugin initialized [] []
[2024-02-20 14:50:04] simple-send.INFO: Plugin initialized [] []
[2024-02-20 14:50:07] simple-send.INFO: Plugin initialized [] []
[2024-02-20 14:50:07] simple-send.INFO: Plugin initialized [] []
[2024-02-20 14:50:08] simple-send.INFO: Plugin initialized [] []
[2024-02-20 14:50:09] simple-send.INFO: Plugin initialized [] []
[2024-02-20 14:50:10] simple-send.INFO: Plugin initialized [] []
[2024-02-20 14:50:10] simple-send.INFO: Plugin initialized [] []
[2024-02-20 14:50:12] simple-send.INFO: Plugin initialized [] []
